<?xml version="1.0" encoding="UTF-8"?>
<testng-results ignored="0" total="10" passed="10" failed="0" skipped="0">
  <reporter-output>
  </reporter-output>
  <suite started-at="2024-10-11T10:05:38 IST" name="Suite" finished-at="2024-10-11T10:06:25 IST" duration-ms="46464">
    <groups>
      <group name="Smoke">
        <method signature="SubscriptionTest.verifyUserIsAbleToSubscribeWithValidEmail()[pri:0, instance:com.demoshop.test.SubscriptionTest@2de56eb2]" name="verifyUserIsAbleToSubscribeWithValidEmail" class="com.demoshop.test.SubscriptionTest"/>
        <method signature="E2ECheckoutTest.verifyNewUserRegistersAndCheckoutProduct()[pri:0, instance:com.demoshop.test.E2ECheckoutTest@5b7a7f33]" name="verifyNewUserRegistersAndCheckoutProduct" class="com.demoshop.test.E2ECheckoutTest"/>
      </group> <!-- Smoke -->
    </groups>
    <test started-at="2024-10-11T10:05:38 IST" name="DataProviderRegisteration" finished-at="2024-10-11T10:05:52 IST" duration-ms="14061">
      <class name="com.demoshop.test.RegisterationDP">
        <test-method is-config="true" signature="initDriver(java.lang.String)[pri:0, instance:com.demoshop.test.RegisterationDP@6f53b8a]" started-at="2024-10-11T10:05:39 IST" name="initDriver" finished-at="2024-10-11T10:05:46 IST" duration-ms="6737" status="PASS">
          <params>
            <param index="0">
              <value is-null="true"/>
            </param>
          </params>
          <reporter-output>
          </reporter-output>
        </test-method> <!-- initDriver -->
        <test-method signature="verifyUserIsAbleToMultipleRegisterUsingCorrectCreds(java.lang.String,java.lang.String,java.lang.String,java.lang.String)[pri:0, instance:com.demoshop.test.RegisterationDP@6f53b8a]" started-at="2024-10-11T10:05:46 IST" name="verifyUserIsAbleToMultipleRegisterUsingCorrectCreds" data-provider="getData" finished-at="2024-10-11T10:05:52 IST" duration-ms="6259" status="PASS">
          <params>
            <param index="0">
              <value>
                <![CDATA[Maxine]]>
              </value>
            </param>
            <param index="1">
              <value>
                <![CDATA[Weissnat]]>
              </value>
            </param>
            <param index="2">
              <value>
                <![CDATA[angelo.barton@yahoo.com]]>
              </value>
            </param>
            <param index="3">
              <value>
                <![CDATA[fsyby1fh4]]>
              </value>
            </param>
          </params>
          <reporter-output>
          </reporter-output>
        </test-method> <!-- verifyUserIsAbleToMultipleRegisterUsingCorrectCreds -->
        <test-method is-config="true" signature="tearDown()[pri:0, instance:com.demoshop.test.RegisterationDP@6f53b8a]" started-at="2024-10-11T10:05:52 IST" name="tearDown" finished-at="2024-10-11T10:05:52 IST" duration-ms="448" status="PASS">
          <reporter-output>
          </reporter-output>
        </test-method> <!-- tearDown -->
      </class> <!-- com.demoshop.test.RegisterationDP -->
    </test> <!-- DataProviderRegisteration -->
    <test started-at="2024-10-11T10:05:38 IST" name="Search Test" finished-at="2024-10-11T10:05:52 IST" duration-ms="13223">
      <class name="com.demoshop.test.SearchTest">
        <test-method is-config="true" signature="initDriver(java.lang.String)[pri:0, instance:com.demoshop.test.SearchTest@4b29d1d2]" started-at="2024-10-11T10:05:38 IST" name="initDriver" finished-at="2024-10-11T10:05:48 IST" duration-ms="9750" status="PASS">
          <params>
            <param index="0">
              <value is-null="true"/>
            </param>
          </params>
          <reporter-output>
          </reporter-output>
        </test-method> <!-- initDriver -->
        <test-method signature="verifyUserIsAbletoSearchDesiredProducts()[pri:0, instance:com.demoshop.test.SearchTest@4b29d1d2]" started-at="2024-10-11T10:05:48 IST" name="verifyUserIsAbletoSearchDesiredProducts" finished-at="2024-10-11T10:05:51 IST" duration-ms="2750" status="PASS">
          <reporter-output>
          </reporter-output>
        </test-method> <!-- verifyUserIsAbletoSearchDesiredProducts -->
        <test-method is-config="true" signature="tearDown()[pri:0, instance:com.demoshop.test.SearchTest@4b29d1d2]" started-at="2024-10-11T10:05:51 IST" name="tearDown" finished-at="2024-10-11T10:05:52 IST" duration-ms="634" status="PASS">
          <reporter-output>
          </reporter-output>
        </test-method> <!-- tearDown -->
      </class> <!-- com.demoshop.test.SearchTest -->
    </test> <!-- Search Test -->
    <test started-at="2024-10-11T10:05:38 IST" name="Excel Registeration" finished-at="2024-10-11T10:05:53 IST" duration-ms="14494">
      <class name="com.demoshop.test.ExcelRegisterationTest">
        <test-method is-config="true" signature="initDriver(java.lang.String)[pri:0, instance:com.demoshop.test.ExcelRegisterationTest@4201c465]" started-at="2024-10-11T10:05:38 IST" name="initDriver" finished-at="2024-10-11T10:05:45 IST" duration-ms="7052" status="PASS">
          <params>
            <param index="0">
              <value is-null="true"/>
            </param>
          </params>
          <reporter-output>
          </reporter-output>
        </test-method> <!-- initDriver -->
        <test-method signature="verifyUserIsAbleToRegisterUsingCorrectCreds()[pri:0, instance:com.demoshop.test.ExcelRegisterationTest@4201c465]" started-at="2024-10-11T10:05:45 IST" name="verifyUserIsAbleToRegisterUsingCorrectCreds" finished-at="2024-10-11T10:05:52 IST" duration-ms="6636" status="PASS">
          <reporter-output>
          </reporter-output>
        </test-method> <!-- verifyUserIsAbleToRegisterUsingCorrectCreds -->
        <test-method is-config="true" signature="tearDown()[pri:0, instance:com.demoshop.test.ExcelRegisterationTest@4201c465]" started-at="2024-10-11T10:05:52 IST" name="tearDown" finished-at="2024-10-11T10:05:53 IST" duration-ms="730" status="PASS">
          <reporter-output>
          </reporter-output>
        </test-method> <!-- tearDown -->
      </class> <!-- com.demoshop.test.ExcelRegisterationTest -->
    </test> <!-- Excel Registeration -->
    <test started-at="2024-10-11T10:05:38 IST" name="Registeration Test" finished-at="2024-10-11T10:05:57 IST" duration-ms="18372">
      <class name="com.demoshop.test.RegisterationTest">
        <test-method is-config="true" signature="initDriver(java.lang.String)[pri:0, instance:com.demoshop.test.RegisterationTest@4007f65e]" started-at="2024-10-11T10:05:38 IST" name="initDriver" finished-at="2024-10-11T10:05:48 IST" duration-ms="9301" status="PASS">
          <params>
            <param index="0">
              <value is-null="true"/>
            </param>
          </params>
          <reporter-output>
          </reporter-output>
        </test-method> <!-- initDriver -->
        <test-method signature="verifyUserIsAbleToRegisterUsingCorrectCredsFromExcel()[pri:0, instance:com.demoshop.test.RegisterationTest@4007f65e]" started-at="2024-10-11T10:05:48 IST" name="verifyUserIsAbleToRegisterUsingCorrectCredsFromExcel" finished-at="2024-10-11T10:05:56 IST" duration-ms="7803" status="PASS">
          <reporter-output>
          </reporter-output>
        </test-method> <!-- verifyUserIsAbleToRegisterUsingCorrectCredsFromExcel -->
        <test-method is-config="true" signature="tearDown()[pri:0, instance:com.demoshop.test.RegisterationTest@4007f65e]" started-at="2024-10-11T10:05:56 IST" name="tearDown" finished-at="2024-10-11T10:05:57 IST" duration-ms="1193" status="PASS">
          <reporter-output>
          </reporter-output>
        </test-method> <!-- tearDown -->
      </class> <!-- com.demoshop.test.RegisterationTest -->
    </test> <!-- Registeration Test -->
    <test started-at="2024-10-11T10:05:53 IST" name="Subscription Test" finished-at="2024-10-11T10:06:03 IST" duration-ms="9834">
      <class name="com.demoshop.test.SubscriptionTest">
        <test-method is-config="true" signature="initDriver(java.lang.String)[pri:0, instance:com.demoshop.test.SubscriptionTest@2de56eb2]" started-at="2024-10-11T10:05:53 IST" name="initDriver" finished-at="2024-10-11T10:05:59 IST" duration-ms="6589" status="PASS">
          <params>
            <param index="0">
              <value is-null="true"/>
            </param>
          </params>
          <reporter-output>
          </reporter-output>
        </test-method> <!-- initDriver -->
        <test-method signature="verifyUserIsAbleToSubscribeWithValidEmail()[pri:0, instance:com.demoshop.test.SubscriptionTest@2de56eb2]" started-at="2024-10-11T10:05:59 IST" name="verifyUserIsAbleToSubscribeWithValidEmail" finished-at="2024-10-11T10:06:01 IST" duration-ms="2089" status="PASS">
          <reporter-output>
          </reporter-output>
        </test-method> <!-- verifyUserIsAbleToSubscribeWithValidEmail -->
        <test-method is-config="true" signature="tearDown()[pri:0, instance:com.demoshop.test.SubscriptionTest@2de56eb2]" started-at="2024-10-11T10:06:01 IST" name="tearDown" finished-at="2024-10-11T10:06:03 IST" duration-ms="1138" status="PASS">
          <reporter-output>
          </reporter-output>
        </test-method> <!-- tearDown -->
      </class> <!-- com.demoshop.test.SubscriptionTest -->
    </test> <!-- Subscription Test -->
    <test started-at="2024-10-11T10:05:38 IST" name="Rg DP2" finished-at="2024-10-11T10:06:03 IST" duration-ms="24813">
      <class name="com.demoshop.test.RegisterationDP2">
        <test-method is-config="true" signature="initDriver(java.lang.String)[pri:0, instance:com.demoshop.test.RegisterationDP2@3de8f619]" started-at="2024-10-11T10:05:39 IST" name="initDriver" finished-at="2024-10-11T10:05:48 IST" duration-ms="8829" status="PASS">
          <params>
            <param index="0">
              <value is-null="true"/>
            </param>
          </params>
          <reporter-output>
          </reporter-output>
        </test-method> <!-- initDriver -->
        <test-method signature="verifyUserIsAbleToMultipleRegisterUsingCorrectCreds(java.util.List)[pri:0, instance:com.demoshop.test.RegisterationDP2@3de8f619]" started-at="2024-10-11T10:05:48 IST" name="verifyUserIsAbleToMultipleRegisterUsingCorrectCreds" data-provider="getData" finished-at="2024-10-11T10:06:03 IST" duration-ms="14999" status="PASS">
          <params>
            <param index="0">
              <value>
                <![CDATA[[Person [fName=Maryjane, lName=Hartmann, email=gita.adams@yahoo.com, password=wfhi006lezuz3ft, confirmPassword=wfhi006lezuz3ft], Person [fName=Shayne, lName=Gerlach, email=janiece.borer@gmail.com, password=wfhi006lezuz3ft, confirmPassword=wfhi006lezuz3ft]]]]>
              </value>
            </param>
          </params>
          <reporter-output>
          </reporter-output>
        </test-method> <!-- verifyUserIsAbleToMultipleRegisterUsingCorrectCreds -->
        <test-method is-config="true" signature="tearDown()[pri:0, instance:com.demoshop.test.RegisterationDP2@3de8f619]" started-at="2024-10-11T10:06:03 IST" name="tearDown" finished-at="2024-10-11T10:06:03 IST" duration-ms="365" status="PASS">
          <reporter-output>
          </reporter-output>
        </test-method> <!-- tearDown -->
      </class> <!-- com.demoshop.test.RegisterationDP2 -->
    </test> <!-- Rg DP2 -->
    <test started-at="2024-10-11T10:05:53 IST" name="Login Test" finished-at="2024-10-11T10:06:04 IST" duration-ms="11254">
      <class name="com.demoshop.test.LoginTest">
        <test-method is-config="true" signature="initDriver(java.lang.String)[pri:0, instance:com.demoshop.test.LoginTest@7bd7d6d6]" started-at="2024-10-11T10:05:53 IST" name="initDriver" finished-at="2024-10-11T10:05:59 IST" duration-ms="6629" status="PASS">
          <params>
            <param index="0">
              <value is-null="true"/>
            </param>
          </params>
          <reporter-output>
          </reporter-output>
        </test-method> <!-- initDriver -->
        <test-method signature="verifyUserIsAbleToLoginWithValidCreds()[pri:0, instance:com.demoshop.test.LoginTest@7bd7d6d6]" started-at="2024-10-11T10:05:59 IST" name="verifyUserIsAbleToLoginWithValidCreds" finished-at="2024-10-11T10:06:04 IST" duration-ms="4319" status="PASS">
          <reporter-output>
          </reporter-output>
        </test-method> <!-- verifyUserIsAbleToLoginWithValidCreds -->
        <test-method is-config="true" signature="tearDown()[pri:0, instance:com.demoshop.test.LoginTest@7bd7d6d6]" started-at="2024-10-11T10:06:04 IST" name="tearDown" finished-at="2024-10-11T10:06:04 IST" duration-ms="302" status="PASS">
          <reporter-output>
          </reporter-output>
        </test-method> <!-- tearDown -->
      </class> <!-- com.demoshop.test.LoginTest -->
    </test> <!-- Login Test -->
    <test started-at="2024-10-11T10:05:57 IST" name="Cart Test" finished-at="2024-10-11T10:06:11 IST" duration-ms="13788">
      <class name="com.demoshop.test.CartTest">
        <test-method is-config="true" signature="initDriver(java.lang.String)[pri:0, instance:com.demoshop.test.CartTest@4b8d604b]" started-at="2024-10-11T10:05:57 IST" name="initDriver" finished-at="2024-10-11T10:06:01 IST" duration-ms="4091" status="PASS">
          <params>
            <param index="0">
              <value is-null="true"/>
            </param>
          </params>
          <reporter-output>
          </reporter-output>
        </test-method> <!-- initDriver -->
        <test-method signature="verifyUserisAbleToAddCart()[pri:0, instance:com.demoshop.test.CartTest@4b8d604b]" started-at="2024-10-11T10:06:01 IST" name="verifyUserisAbleToAddCart" finished-at="2024-10-11T10:06:10 IST" duration-ms="9457" status="PASS">
          <reporter-output>
          </reporter-output>
        </test-method> <!-- verifyUserisAbleToAddCart -->
        <test-method is-config="true" signature="tearDown()[pri:0, instance:com.demoshop.test.CartTest@4b8d604b]" started-at="2024-10-11T10:06:10 IST" name="tearDown" finished-at="2024-10-11T10:06:11 IST" duration-ms="235" status="PASS">
          <reporter-output>
          </reporter-output>
        </test-method> <!-- tearDown -->
      </class> <!-- com.demoshop.test.CartTest -->
    </test> <!-- Cart Test -->
    <test started-at="2024-10-11T10:06:03 IST" name="Sort Test" finished-at="2024-10-11T10:06:13 IST" duration-ms="10099">
      <class name="com.demoshop.test.SortTest">
        <test-method is-config="true" signature="initDriver(java.lang.String)[pri:0, instance:com.demoshop.test.SortTest@15888343]" started-at="2024-10-11T10:06:03 IST" name="initDriver" finished-at="2024-10-11T10:06:08 IST" duration-ms="5656" status="PASS">
          <params>
            <param index="0">
              <value is-null="true"/>
            </param>
          </params>
          <reporter-output>
          </reporter-output>
        </test-method> <!-- initDriver -->
        <test-method signature="verifyUserisAbleToSort()[pri:0, instance:com.demoshop.test.SortTest@15888343]" started-at="2024-10-11T10:06:08 IST" name="verifyUserisAbleToSort" finished-at="2024-10-11T10:06:13 IST" duration-ms="4232" status="PASS">
          <reporter-output>
          </reporter-output>
        </test-method> <!-- verifyUserisAbleToSort -->
        <test-method is-config="true" signature="tearDown()[pri:0, instance:com.demoshop.test.SortTest@15888343]" started-at="2024-10-11T10:06:13 IST" name="tearDown" finished-at="2024-10-11T10:06:13 IST" duration-ms="207" status="PASS">
          <reporter-output>
          </reporter-output>
        </test-method> <!-- tearDown -->
      </class> <!-- com.demoshop.test.SortTest -->
    </test> <!-- Sort Test -->
    <test started-at="2024-10-11T10:05:53 IST" name="E2E Test" finished-at="2024-10-11T10:06:25 IST" duration-ms="31940">
      <class name="com.demoshop.test.E2ECheckoutTest">
        <test-method is-config="true" signature="initDriver(java.lang.String)[pri:0, instance:com.demoshop.test.E2ECheckoutTest@5b7a7f33]" started-at="2024-10-11T10:05:53 IST" name="initDriver" finished-at="2024-10-11T10:05:57 IST" duration-ms="4355" status="PASS">
          <params>
            <param index="0">
              <value is-null="true"/>
            </param>
          </params>
          <reporter-output>
          </reporter-output>
        </test-method> <!-- initDriver -->
        <test-method signature="verifyNewUserRegistersAndCheckoutProduct()[pri:0, instance:com.demoshop.test.E2ECheckoutTest@5b7a7f33]" started-at="2024-10-11T10:05:57 IST" name="verifyNewUserRegistersAndCheckoutProduct" finished-at="2024-10-11T10:06:25 IST" duration-ms="27270" status="PASS">
          <reporter-output>
          </reporter-output>
        </test-method> <!-- verifyNewUserRegistersAndCheckoutProduct -->
        <test-method is-config="true" signature="tearDown()[pri:0, instance:com.demoshop.test.E2ECheckoutTest@5b7a7f33]" started-at="2024-10-11T10:06:25 IST" name="tearDown" finished-at="2024-10-11T10:06:25 IST" duration-ms="309" status="PASS">
          <reporter-output>
          </reporter-output>
        </test-method> <!-- tearDown -->
      </class> <!-- com.demoshop.test.E2ECheckoutTest -->
    </test> <!-- E2E Test -->
  </suite> <!-- Suite -->
</testng-results>
