<?xml version="1.0" encoding="UTF-8"?>
<testng-results ignored="0" total="10" passed="10" failed="0" skipped="0">
  <reporter-output>
  </reporter-output>
  <suite started-at="2024-10-16T22:35:05 IST" name="Suite" finished-at="2024-10-16T22:35:51 IST" duration-ms="46264">
    <groups>
      <group name="Smoke">
        <method signature="SubscriptionTest.verifyUserIsAbleToSubscribeWithValidEmail()[pri:0, instance:com.demoshop.test.SubscriptionTest@6f204a1a]" name="verifyUserIsAbleToSubscribeWithValidEmail" class="com.demoshop.test.SubscriptionTest"/>
        <method signature="E2ECheckoutTest.verifyNewUserRegistersAndCheckoutProduct()[pri:0, instance:com.demoshop.test.E2ECheckoutTest@38467116]" name="verifyNewUserRegistersAndCheckoutProduct" class="com.demoshop.test.E2ECheckoutTest"/>
      </group> <!-- Smoke -->
    </groups>
    <test started-at="2024-10-16T22:35:05 IST" name="DataProviderRegisteration" finished-at="2024-10-16T22:35:19 IST" duration-ms="13510">
      <class name="com.demoshop.test.RegisterationDP">
        <test-method is-config="true" signature="initDriver(java.lang.String)[pri:0, instance:com.demoshop.test.RegisterationDP@4d1bf319]" started-at="2024-10-16T22:35:06 IST" name="initDriver" finished-at="2024-10-16T22:35:14 IST" duration-ms="8562" status="PASS">
          <params>
            <param index="0">
              <value is-null="true"/>
            </param>
          </params>
          <reporter-output>
          </reporter-output>
        </test-method> <!-- initDriver -->
        <test-method signature="verifyUserIsAbleToMultipleRegisterUsingCorrectCreds(java.lang.String,java.lang.String,java.lang.String,java.lang.String)[pri:0, instance:com.demoshop.test.RegisterationDP@4d1bf319]" started-at="2024-10-16T22:35:14 IST" name="verifyUserIsAbleToMultipleRegisterUsingCorrectCreds" data-provider="getData" finished-at="2024-10-16T22:35:18 IST" duration-ms="4146" status="PASS">
          <params>
            <param index="0">
              <value>
                <![CDATA[Adrian]]>
              </value>
            </param>
            <param index="1">
              <value>
                <![CDATA[Hudson]]>
              </value>
            </param>
            <param index="2">
              <value>
                <![CDATA[kerry.kris@yahoo.com]]>
              </value>
            </param>
            <param index="3">
              <value>
                <![CDATA[ttqhwpwu67zp]]>
              </value>
            </param>
          </params>
          <reporter-output>
          </reporter-output>
        </test-method> <!-- verifyUserIsAbleToMultipleRegisterUsingCorrectCreds -->
        <test-method is-config="true" signature="tearDown()[pri:0, instance:com.demoshop.test.RegisterationDP@4d1bf319]" started-at="2024-10-16T22:35:18 IST" name="tearDown" finished-at="2024-10-16T22:35:19 IST" duration-ms="251" status="PASS">
          <reporter-output>
          </reporter-output>
        </test-method> <!-- tearDown -->
      </class> <!-- com.demoshop.test.RegisterationDP -->
    </test> <!-- DataProviderRegisteration -->
    <test started-at="2024-10-16T22:35:05 IST" name="Search Test" finished-at="2024-10-16T22:35:20 IST" duration-ms="14778">
      <class name="com.demoshop.test.SearchTest">
        <test-method is-config="true" signature="initDriver(java.lang.String)[pri:0, instance:com.demoshop.test.SearchTest@1349883]" started-at="2024-10-16T22:35:05 IST" name="initDriver" finished-at="2024-10-16T22:35:12 IST" duration-ms="6696" status="PASS">
          <params>
            <param index="0">
              <value is-null="true"/>
            </param>
          </params>
          <reporter-output>
          </reporter-output>
        </test-method> <!-- initDriver -->
        <test-method signature="verifyUserIsAbletoSearchDesiredProducts()[pri:0, instance:com.demoshop.test.SearchTest@1349883]" started-at="2024-10-16T22:35:12 IST" name="verifyUserIsAbletoSearchDesiredProducts" finished-at="2024-10-16T22:35:19 IST" duration-ms="7230" status="PASS">
          <reporter-output>
          </reporter-output>
        </test-method> <!-- verifyUserIsAbletoSearchDesiredProducts -->
        <test-method is-config="true" signature="tearDown()[pri:0, instance:com.demoshop.test.SearchTest@1349883]" started-at="2024-10-16T22:35:19 IST" name="tearDown" finished-at="2024-10-16T22:35:20 IST" duration-ms="768" status="PASS">
          <reporter-output>
          </reporter-output>
        </test-method> <!-- tearDown -->
      </class> <!-- com.demoshop.test.SearchTest -->
    </test> <!-- Search Test -->
    <test started-at="2024-10-16T22:35:05 IST" name="Registeration Test" finished-at="2024-10-16T22:35:21 IST" duration-ms="16144">
      <class name="com.demoshop.test.RegisterationTest">
        <test-method is-config="true" signature="initDriver(java.lang.String)[pri:0, instance:com.demoshop.test.RegisterationTest@6f01b95f]" started-at="2024-10-16T22:35:05 IST" name="initDriver" finished-at="2024-10-16T22:35:12 IST" duration-ms="6692" status="PASS">
          <params>
            <param index="0">
              <value is-null="true"/>
            </param>
          </params>
          <reporter-output>
          </reporter-output>
        </test-method> <!-- initDriver -->
        <test-method signature="verifyUserIsAbleToRegisterUsingCorrectCredsFromExcel()[pri:0, instance:com.demoshop.test.RegisterationTest@6f01b95f]" started-at="2024-10-16T22:35:12 IST" name="verifyUserIsAbleToRegisterUsingCorrectCredsFromExcel" finished-at="2024-10-16T22:35:21 IST" duration-ms="9108" status="PASS">
          <reporter-output>
          </reporter-output>
        </test-method> <!-- verifyUserIsAbleToRegisterUsingCorrectCredsFromExcel -->
        <test-method is-config="true" signature="tearDown()[pri:0, instance:com.demoshop.test.RegisterationTest@6f01b95f]" started-at="2024-10-16T22:35:21 IST" name="tearDown" finished-at="2024-10-16T22:35:21 IST" duration-ms="263" status="PASS">
          <reporter-output>
          </reporter-output>
        </test-method> <!-- tearDown -->
      </class> <!-- com.demoshop.test.RegisterationTest -->
    </test> <!-- Registeration Test -->
    <test started-at="2024-10-16T22:35:05 IST" name="Excel Registeration" finished-at="2024-10-16T22:35:24 IST" duration-ms="18345">
      <class name="com.demoshop.test.ExcelRegisterationTest">
        <test-method is-config="true" signature="initDriver(java.lang.String)[pri:0, instance:com.demoshop.test.ExcelRegisterationTest@7a5ceedd]" started-at="2024-10-16T22:35:05 IST" name="initDriver" finished-at="2024-10-16T22:35:18 IST" duration-ms="12641" status="PASS">
          <params>
            <param index="0">
              <value is-null="true"/>
            </param>
          </params>
          <reporter-output>
          </reporter-output>
        </test-method> <!-- initDriver -->
        <test-method signature="verifyUserIsAbleToRegisterUsingCorrectCreds()[pri:0, instance:com.demoshop.test.ExcelRegisterationTest@7a5ceedd]" started-at="2024-10-16T22:35:18 IST" name="verifyUserIsAbleToRegisterUsingCorrectCreds" finished-at="2024-10-16T22:35:23 IST" duration-ms="5036" status="PASS">
          <reporter-output>
          </reporter-output>
        </test-method> <!-- verifyUserIsAbleToRegisterUsingCorrectCreds -->
        <test-method is-config="true" signature="tearDown()[pri:0, instance:com.demoshop.test.ExcelRegisterationTest@7a5ceedd]" started-at="2024-10-16T22:35:23 IST" name="tearDown" finished-at="2024-10-16T22:35:24 IST" duration-ms="585" status="PASS">
          <reporter-output>
          </reporter-output>
        </test-method> <!-- tearDown -->
      </class> <!-- com.demoshop.test.ExcelRegisterationTest -->
    </test> <!-- Excel Registeration -->
    <test started-at="2024-10-16T22:35:20 IST" name="Subscription Test" finished-at="2024-10-16T22:35:28 IST" duration-ms="7659">
      <class name="com.demoshop.test.SubscriptionTest">
        <test-method is-config="true" signature="initDriver(java.lang.String)[pri:0, instance:com.demoshop.test.SubscriptionTest@6f204a1a]" started-at="2024-10-16T22:35:20 IST" name="initDriver" finished-at="2024-10-16T22:35:24 IST" duration-ms="3709" status="PASS">
          <params>
            <param index="0">
              <value is-null="true"/>
            </param>
          </params>
          <reporter-output>
          </reporter-output>
        </test-method> <!-- initDriver -->
        <test-method signature="verifyUserIsAbleToSubscribeWithValidEmail()[pri:0, instance:com.demoshop.test.SubscriptionTest@6f204a1a]" started-at="2024-10-16T22:35:24 IST" name="verifyUserIsAbleToSubscribeWithValidEmail" finished-at="2024-10-16T22:35:28 IST" duration-ms="3632" status="PASS">
          <reporter-output>
          </reporter-output>
        </test-method> <!-- verifyUserIsAbleToSubscribeWithValidEmail -->
        <test-method is-config="true" signature="tearDown()[pri:0, instance:com.demoshop.test.SubscriptionTest@6f204a1a]" started-at="2024-10-16T22:35:28 IST" name="tearDown" finished-at="2024-10-16T22:35:28 IST" duration-ms="306" status="PASS">
          <reporter-output>
          </reporter-output>
        </test-method> <!-- tearDown -->
      </class> <!-- com.demoshop.test.SubscriptionTest -->
    </test> <!-- Subscription Test -->
    <test started-at="2024-10-16T22:35:05 IST" name="Rg DP2" finished-at="2024-10-16T22:35:32 IST" duration-ms="26403">
      <class name="com.demoshop.test.RegisterationDP2">
        <test-method is-config="true" signature="initDriver(java.lang.String)[pri:0, instance:com.demoshop.test.RegisterationDP2@710636b0]" started-at="2024-10-16T22:35:06 IST" name="initDriver" finished-at="2024-10-16T22:35:12 IST" duration-ms="6135" status="PASS">
          <params>
            <param index="0">
              <value is-null="true"/>
            </param>
          </params>
          <reporter-output>
          </reporter-output>
        </test-method> <!-- initDriver -->
        <test-method signature="verifyUserIsAbleToMultipleRegisterUsingCorrectCreds(java.util.List)[pri:0, instance:com.demoshop.test.RegisterationDP2@710636b0]" started-at="2024-10-16T22:35:12 IST" name="verifyUserIsAbleToMultipleRegisterUsingCorrectCreds" data-provider="getData" finished-at="2024-10-16T22:35:31 IST" duration-ms="19448" status="PASS">
          <params>
            <param index="0">
              <value>
                <![CDATA[[Person [fName=Alfonso, lName=Keeling, email=terrell.purdy@gmail.com, password=jfij4ubcf, confirmPassword=jfij4ubcf], Person [fName=Summer, lName=Conn, email=janna.macejkovic@yahoo.com, password=jfij4ubcf, confirmPassword=jfij4ubcf]]]]>
              </value>
            </param>
          </params>
          <reporter-output>
          </reporter-output>
        </test-method> <!-- verifyUserIsAbleToMultipleRegisterUsingCorrectCreds -->
        <test-method is-config="true" signature="tearDown()[pri:0, instance:com.demoshop.test.RegisterationDP2@710636b0]" started-at="2024-10-16T22:35:31 IST" name="tearDown" finished-at="2024-10-16T22:35:32 IST" duration-ms="280" status="PASS">
          <reporter-output>
          </reporter-output>
        </test-method> <!-- tearDown -->
      </class> <!-- com.demoshop.test.RegisterationDP2 -->
    </test> <!-- Rg DP2 -->
    <test started-at="2024-10-16T22:35:20 IST" name="Login Test" finished-at="2024-10-16T22:35:33 IST" duration-ms="12840">
      <class name="com.demoshop.test.LoginTest">
        <test-method is-config="true" signature="initDriver(java.lang.String)[pri:0, instance:com.demoshop.test.LoginTest@740fb309]" started-at="2024-10-16T22:35:20 IST" name="initDriver" finished-at="2024-10-16T22:35:29 IST" duration-ms="9069" status="PASS">
          <params>
            <param index="0">
              <value is-null="true"/>
            </param>
          </params>
          <reporter-output>
          </reporter-output>
        </test-method> <!-- initDriver -->
        <test-method signature="verifyUserIsAbleToLoginWithValidCreds()[pri:0, instance:com.demoshop.test.LoginTest@740fb309]" started-at="2024-10-16T22:35:29 IST" name="verifyUserIsAbleToLoginWithValidCreds" finished-at="2024-10-16T22:35:33 IST" duration-ms="3400" status="PASS">
          <reporter-output>
          </reporter-output>
        </test-method> <!-- verifyUserIsAbleToLoginWithValidCreds -->
        <test-method is-config="true" signature="tearDown()[pri:0, instance:com.demoshop.test.LoginTest@740fb309]" started-at="2024-10-16T22:35:33 IST" name="tearDown" finished-at="2024-10-16T22:35:33 IST" duration-ms="363" status="PASS">
          <reporter-output>
          </reporter-output>
        </test-method> <!-- tearDown -->
      </class> <!-- com.demoshop.test.LoginTest -->
    </test> <!-- Login Test -->
    <test started-at="2024-10-16T22:35:24 IST" name="Cart Test" finished-at="2024-10-16T22:35:39 IST" duration-ms="15932">
      <class name="com.demoshop.test.CartTest">
        <test-method is-config="true" signature="initDriver(java.lang.String)[pri:0, instance:com.demoshop.test.CartTest@5fb759d6]" started-at="2024-10-16T22:35:24 IST" name="initDriver" finished-at="2024-10-16T22:35:27 IST" duration-ms="3896" status="PASS">
          <params>
            <param index="0">
              <value is-null="true"/>
            </param>
          </params>
          <reporter-output>
          </reporter-output>
        </test-method> <!-- initDriver -->
        <test-method signature="verifyUserisAbleToAddCart()[pri:0, instance:com.demoshop.test.CartTest@5fb759d6]" started-at="2024-10-16T22:35:27 IST" name="verifyUserisAbleToAddCart" finished-at="2024-10-16T22:35:39 IST" duration-ms="11821" status="PASS">
          <reporter-output>
          </reporter-output>
        </test-method> <!-- verifyUserisAbleToAddCart -->
        <test-method is-config="true" signature="tearDown()[pri:0, instance:com.demoshop.test.CartTest@5fb759d6]" started-at="2024-10-16T22:35:39 IST" name="tearDown" finished-at="2024-10-16T22:35:39 IST" duration-ms="211" status="PASS">
          <reporter-output>
          </reporter-output>
        </test-method> <!-- tearDown -->
      </class> <!-- com.demoshop.test.CartTest -->
    </test> <!-- Cart Test -->
    <test started-at="2024-10-16T22:35:28 IST" name="Sort Test" finished-at="2024-10-16T22:35:41 IST" duration-ms="12594">
      <class name="com.demoshop.test.SortTest">
        <test-method is-config="true" signature="initDriver(java.lang.String)[pri:0, instance:com.demoshop.test.SortTest@2dfaea86]" started-at="2024-10-16T22:35:28 IST" name="initDriver" finished-at="2024-10-16T22:35:37 IST" duration-ms="9199" status="PASS">
          <params>
            <param index="0">
              <value is-null="true"/>
            </param>
          </params>
          <reporter-output>
          </reporter-output>
        </test-method> <!-- initDriver -->
        <test-method signature="verifyUserisAbleToSort()[pri:0, instance:com.demoshop.test.SortTest@2dfaea86]" started-at="2024-10-16T22:35:37 IST" name="verifyUserisAbleToSort" finished-at="2024-10-16T22:35:40 IST" duration-ms="3153" status="PASS">
          <reporter-output>
          </reporter-output>
        </test-method> <!-- verifyUserisAbleToSort -->
        <test-method is-config="true" signature="tearDown()[pri:0, instance:com.demoshop.test.SortTest@2dfaea86]" started-at="2024-10-16T22:35:40 IST" name="tearDown" finished-at="2024-10-16T22:35:41 IST" duration-ms="240" status="PASS">
          <reporter-output>
          </reporter-output>
        </test-method> <!-- tearDown -->
      </class> <!-- com.demoshop.test.SortTest -->
    </test> <!-- Sort Test -->
    <test started-at="2024-10-16T22:35:21 IST" name="E2E Test" finished-at="2024-10-16T22:35:51 IST" duration-ms="30027">
      <class name="com.demoshop.test.E2ECheckoutTest">
        <test-method is-config="true" signature="initDriver(java.lang.String)[pri:0, instance:com.demoshop.test.E2ECheckoutTest@38467116]" started-at="2024-10-16T22:35:21 IST" name="initDriver" finished-at="2024-10-16T22:35:32 IST" duration-ms="10276" status="PASS">
          <params>
            <param index="0">
              <value is-null="true"/>
            </param>
          </params>
          <reporter-output>
          </reporter-output>
        </test-method> <!-- initDriver -->
        <test-method signature="verifyNewUserRegistersAndCheckoutProduct()[pri:0, instance:com.demoshop.test.E2ECheckoutTest@38467116]" started-at="2024-10-16T22:35:32 IST" name="verifyNewUserRegistersAndCheckoutProduct" finished-at="2024-10-16T22:35:51 IST" duration-ms="19444" status="PASS">
          <reporter-output>
          </reporter-output>
        </test-method> <!-- verifyNewUserRegistersAndCheckoutProduct -->
        <test-method is-config="true" signature="tearDown()[pri:0, instance:com.demoshop.test.E2ECheckoutTest@38467116]" started-at="2024-10-16T22:35:51 IST" name="tearDown" finished-at="2024-10-16T22:35:51 IST" duration-ms="305" status="PASS">
          <reporter-output>
          </reporter-output>
        </test-method> <!-- tearDown -->
      </class> <!-- com.demoshop.test.E2ECheckoutTest -->
    </test> <!-- E2E Test -->
  </suite> <!-- Suite -->
</testng-results>
