<?xml version="1.0" encoding="UTF-8"?>
<testng-results ignored="0" total="1" passed="1" failed="0" skipped="0">
  <reporter-output>
  </reporter-output>
  <suite started-at="2024-10-16T22:33:43 IST" name="Default suite" finished-at="2024-10-16T22:33:58 IST" duration-ms="15801">
    <groups>
    </groups>
    <test started-at="2024-10-16T22:33:43 IST" name="Default test" finished-at="2024-10-16T22:33:58 IST" duration-ms="15801">
      <class name="com.demoshop.test.SortTest">
        <test-method is-config="true" signature="initDriver(java.lang.String)[pri:0, instance:com.demoshop.test.SortTest@5fdcaa40]" started-at="2024-10-16T22:33:43 IST" name="initDriver" finished-at="2024-10-16T22:33:54 IST" duration-ms="11667" status="PASS">
          <params>
            <param index="0">
              <value is-null="true"/>
            </param>
          </params>
          <reporter-output>
          </reporter-output>
        </test-method> <!-- initDriver -->
        <test-method signature="verifyUserisAbleToSort()[pri:0, instance:com.demoshop.test.SortTest@5fdcaa40]" started-at="2024-10-16T22:33:54 IST" name="verifyUserisAbleToSort" finished-at="2024-10-16T22:33:58 IST" duration-ms="3632" status="PASS">
          <reporter-output>
          </reporter-output>
        </test-method> <!-- verifyUserisAbleToSort -->
        <test-method is-config="true" signature="tearDown()[pri:0, instance:com.demoshop.test.SortTest@5fdcaa40]" started-at="2024-10-16T22:33:58 IST" name="tearDown" finished-at="2024-10-16T22:33:58 IST" duration-ms="426" status="PASS">
          <reporter-output>
          </reporter-output>
        </test-method> <!-- tearDown -->
      </class> <!-- com.demoshop.test.SortTest -->
    </test> <!-- Default test -->
  </suite> <!-- Default suite -->
</testng-results>
